2023-01-12 22:23:58,372-INFO-root-************Test_login************
2023-01-12 22:23:58,374-INFO-root-************test_homepage************
2023-01-12 22:24:14,090-INFO-root-******************Verifying test_login**************
2023-01-12 22:25:21,018-INFO-root-************Test_login************
2023-01-12 22:25:21,018-INFO-root-************test_homepage************
2023-01-12 22:25:27,716-INFO-root-******************Test Homepage passed**************
2023-01-12 22:25:29,827-INFO-root-******************Verifying test_login**************
2023-01-12 22:25:39,939-INFO-root-******************Test_login passed**************
2023-01-13 00:08:04,037-INFO-root-************Test_login************
2023-01-13 00:08:04,037-INFO-root-************Test_login************
2023-01-13 00:08:04,052-INFO-root-************test_homepage************
2023-01-13 00:08:04,052-INFO-root-************test_homepage************
2023-01-13 00:08:07,799-INFO-root-******************Test Homepage passed**************
2023-01-13 00:08:07,799-INFO-root-******************Test Homepage passed**************
2023-01-13 00:08:10,178-INFO-root-******************Verifying test_login**************
2023-01-13 00:08:10,178-INFO-root-******************Verifying test_login**************
2023-01-13 00:08:27,580-INFO-root-******************Test_login passed**************
2023-01-13 00:08:27,580-INFO-root-******************Test_login passed**************
2023-01-13 00:08:29,992-INFO-root-******************Test_login2_DDT**************
2023-01-13 00:08:29,992-INFO-root-******************Test_login2_DDT**************
2023-01-13 00:08:29,993-INFO-root-******************Verifying test_login**************
2023-01-13 00:08:29,993-INFO-root-******************Verifying test_login**************
2023-01-13 00:11:06,967-INFO-root-******************Test_login2_DDT**************
2023-01-13 00:11:06,967-INFO-root-******************Verifying test_loginDD**************
2023-01-13 00:13:08,664-INFO-root-******************Test_login2_DDT**************
2023-01-13 00:13:08,664-INFO-root-******************Verifying test_loginDD**************
2023-01-13 00:13:38,416-INFO-root-******************Test_login2_DDT**************
2023-01-13 00:13:38,417-INFO-root-******************Verifying test_loginDD**************
2023-01-13 00:14:44,449-INFO-root-******************Test_login2_DDT**************
2023-01-13 00:14:44,450-INFO-root-******************Verifying test_loginDD**************
2023-01-13 00:15:31,484-INFO-root-******************Test_login2_DDT**************
2023-01-13 00:15:31,618-INFO-root-******************Verifying test_loginDD**************
2023-01-13 00:16:36,776-INFO-root-******************Test_login2_DDT**************
2023-01-13 00:16:36,790-INFO-root-******************Verifying test_loginDD**************
2023-01-13 00:17:39,495-INFO-root-******************Test_login2_DDT**************
2023-01-13 00:17:39,496-INFO-root-******************Verifying test_loginDD**************
2023-01-13 00:17:59,283-INFO-root-************Test_login************
2023-01-13 00:17:59,283-INFO-root-************Test_login************
2023-01-13 00:17:59,284-INFO-root-************test_homepage************
2023-01-13 00:17:59,284-INFO-root-************test_homepage************
2023-01-13 00:18:04,059-INFO-root-******************Test Homepage passed**************
2023-01-13 00:18:04,059-INFO-root-******************Test Homepage passed**************
2023-01-13 00:18:06,459-INFO-root-******************Verifying test_login**************
2023-01-13 00:18:06,459-INFO-root-******************Verifying test_login**************
2023-01-13 00:18:15,898-INFO-root-******************Test_login passed**************
2023-01-13 00:18:15,898-INFO-root-******************Test_login passed**************
2023-01-13 00:18:18,111-INFO-root-******************Test_login2_DDT**************
2023-01-13 00:18:18,111-INFO-root-******************Test_login2_DDT**************
2023-01-13 00:18:18,111-INFO-root-******************Verifying test_loginDD**************
2023-01-13 00:18:18,111-INFO-root-******************Verifying test_loginDD**************
2023-01-13 00:20:22,660-INFO-root-************Test_login************
2023-01-13 00:20:22,660-INFO-root-************test_homepage************
2023-01-13 00:20:28,678-INFO-root-******************Test Homepage passed**************
2023-01-13 00:20:30,739-INFO-root-******************Verifying test_login**************
2023-01-13 00:20:37,538-INFO-root-******************Test_login passed**************
2023-01-13 00:21:57,708-INFO-root-******************Test_login2_DDT**************
2023-01-13 00:21:57,708-INFO-root-******************Verifying test_loginDD**************
2023-01-13 00:23:16,717-INFO-root-******************Test_login2_DDT**************
2023-01-13 00:23:16,717-INFO-root-******************Verifying test_loginDD**************
2023-01-13 00:24:00,776-INFO-root-******************Test_login2_DDT**************
2023-01-13 00:24:00,776-INFO-root-******************Verifying test_loginDD**************
2023-01-13 00:24:08,499-INFO-root-**Pass*
2023-01-13 00:24:08,499-INFO-root-Login DDT test passed
2023-01-13 00:24:38,656-INFO-root-******************Test_login2_DDT**************
2023-01-13 00:24:38,656-INFO-root-******************Verifying test_loginDD**************
2023-01-13 00:24:46,967-INFO-root-**Pass*
2023-01-13 00:24:46,967-INFO-root-Login DDT test passed
2023-01-13 00:24:47,285-INFO-root-Login DDT test END
2023-01-16 01:09:52,861-INFO-root-******************Test_login2_DDT**************
2023-01-16 01:09:52,885-INFO-root-******************Verifying test_loginDD**************
2023-01-16 01:09:58,909-INFO-root-**Pass*
2023-01-16 01:09:58,909-INFO-root-Login DDT test passed
2023-01-16 01:09:59,360-INFO-root-Login DDT test END
2023-01-16 01:11:07,744-INFO-root-************Test_login************
2023-01-16 01:11:07,745-INFO-root-************test_homepage************
2023-01-16 01:11:13,111-INFO-root-******************Test Homepage passed**************
2023-01-16 01:11:16,720-INFO-root-******************Verifying test_login**************
2023-01-16 01:11:26,623-INFO-root-******************Test_login passed**************
2023-01-16 01:11:40,750-INFO-root-************Test_login************
2023-01-16 01:11:40,750-INFO-root-************Test_login************
2023-01-16 01:11:40,750-INFO-root-************test_homepage************
2023-01-16 01:11:40,750-INFO-root-************test_homepage************
2023-01-16 01:11:45,844-INFO-root-******************Test Homepage passed**************
2023-01-16 01:11:45,844-INFO-root-******************Test Homepage passed**************
2023-01-16 01:11:49,223-INFO-root-******************Verifying test_login**************
2023-01-16 01:11:49,223-INFO-root-******************Verifying test_login**************
2023-01-16 01:11:57,618-INFO-root-******************Test_login passed**************
2023-01-16 01:11:57,618-INFO-root-******************Test_login passed**************
2023-01-16 01:12:01,514-INFO-root-******************Test_login2_DDT**************
2023-01-16 01:12:01,514-INFO-root-******************Test_login2_DDT**************
2023-01-16 01:12:01,514-INFO-root-******************Verifying test_loginDD**************
2023-01-16 01:12:01,514-INFO-root-******************Verifying test_loginDD**************
2023-01-16 01:12:09,462-INFO-root-**Pass*
2023-01-16 01:12:09,462-INFO-root-**Pass*
2023-01-16 01:12:09,462-INFO-root-Login DDT test passed
2023-01-16 01:12:09,462-INFO-root-Login DDT test passed
2023-01-16 01:12:09,739-INFO-root-Login DDT test END
2023-01-16 01:12:09,739-INFO-root-Login DDT test END
